2024-03-16 23:36:14,232 [Worker-4: Loading available Gradle versions] INFO  o.e.b.c.i.u.g.PublishedGradleVersions - Gradle version information cache is out-of-date. Trying to update.
2024-03-16 23:40:08,929 [Worker-15: Updating Maven Dependencies] INFO  o.e.m.c.i.l.LifecycleMappingFactory - Using org.eclipse.m2e.jdt.JarLifecycleMapping lifecycle mapping for MavenProject: cueszframework:Cueszframework:0.0.1-SNAPSHOT @ C:\Users\ASUS\Downloads\Cuesz_AutomationTests-dated20jan2014\Cuesz_AutomationTests-dated20jan2014\pom.xml.
2024-03-16 23:40:12,599 [Worker-14: Building] INFO  o.e.m.c.i.l.LifecycleMappingFactory - Using org.eclipse.m2e.jdt.JarLifecycleMapping lifecycle mapping for MavenProject: cueszframework:Cueszframework:0.0.1-SNAPSHOT @ C:\Users\ASUS\Downloads\Cuesz_AutomationTests-dated20jan2014\Cuesz_AutomationTests-dated20jan2014\pom.xml.
2024-03-16 23:40:17,496 [Worker-14: Building] INFO  o.a.m.s.f.DefaultMavenResourcesFiltering - skip non existing resourceDirectory C:\Users\ASUS\Downloads\Cuesz_AutomationTests-dated20jan2014\Cuesz_AutomationTests-dated20jan2014\src\main\resources
2024-03-16 23:40:17,507 [Worker-14: Building] INFO  o.a.m.s.f.DefaultMavenResourcesFiltering - skip non existing resourceDirectory C:\Users\ASUS\Downloads\Cuesz_AutomationTests-dated20jan2014\Cuesz_AutomationTests-dated20jan2014\src\test\resources
2024-03-16 23:40:19,653 [Worker-0: Updating Maven Dependencies] INFO  o.e.m.c.i.l.LifecycleMappingFactory - Using org.eclipse.m2e.jdt.JarLifecycleMapping lifecycle mapping for MavenProject: cueszframework:Cueszframework:0.0.1-SNAPSHOT @ C:\Users\ASUS\Downloads\Cuesz_AutomationTests-dated20jan2014\Cuesz_AutomationTests-dated20jan2014\pom.xml.
2024-03-16 23:40:27,015 [Worker-13: Building] INFO  o.a.m.s.f.DefaultMavenResourcesFiltering - skip non existing resourceDirectory C:\Users\ASUS\Downloads\Cuesz_AutomationTests-dated20jan2014\Cuesz_AutomationTests-dated20jan2014\src\main\resources
2024-03-16 23:40:27,022 [Worker-13: Building] INFO  o.a.m.s.f.DefaultMavenResourcesFiltering - skip non existing resourceDirectory C:\Users\ASUS\Downloads\Cuesz_AutomationTests-dated20jan2014\Cuesz_AutomationTests-dated20jan2014\src\test\resources
2024-03-16 23:40:32,489 [Worker-16: Building] INFO  o.a.m.s.f.DefaultMavenResourcesFiltering - skip non existing resourceDirectory C:\Users\ASUS\Downloads\Cuesz_AutomationTests-dated20jan2014\Cuesz_AutomationTests-dated20jan2014\src\main\resources
2024-03-16 23:40:32,495 [Worker-16: Building] INFO  o.a.m.s.f.DefaultMavenResourcesFiltering - skip non existing resourceDirectory C:\Users\ASUS\Downloads\Cuesz_AutomationTests-dated20jan2014\Cuesz_AutomationTests-dated20jan2014\src\test\resources
2024-03-25 19:55:54,267 [Worker-0: Loading available Gradle versions] INFO  o.e.b.c.i.u.g.PublishedGradleVersions - Gradle version information cache is out-of-date. Trying to update.
2024-03-25 19:57:29,342 [Worker-0: Loading available Gradle versions] INFO  o.e.b.c.i.u.g.PublishedGradleVersions - Gradle version information cache is up-to-date. Trying to read.
2024-03-25 20:33:09,062 [Worker-1: Loading available Gradle versions] INFO  o.e.b.c.i.u.g.PublishedGradleVersions - Gradle version information cache is up-to-date. Trying to read.
2024-03-25 20:45:36,198 [Worker-0: Loading available Gradle versions] INFO  o.e.b.c.i.u.g.PublishedGradleVersions - Gradle version information cache is up-to-date. Trying to read.
2024-03-25 21:17:41,587 [Worker-37: Building] INFO  o.e.m.c.i.l.LifecycleMappingFactory - Using org.eclipse.m2e.jdt.JarLifecycleMapping lifecycle mapping for MavenProject: cueszframework:Cueszframework:0.0.1-SNAPSHOT @ C:\Users\ASUS\Downloads\Cuesz_AutomationTests-dated20jan2014\Cuesz_AutomationTests-dated20jan2014\pom.xml.
2024-03-25 21:17:46,249 [Worker-37: Building] INFO  o.a.m.s.f.DefaultMavenResourcesFiltering - skip non existing resourceDirectory C:\Users\ASUS\Downloads\Cuesz_AutomationTests-dated20jan2014\Cuesz_AutomationTests-dated20jan2014\src\main\resources
2024-03-25 21:17:46,255 [Worker-37: Building] INFO  o.a.m.s.f.DefaultMavenResourcesFiltering - skip non existing resourceDirectory C:\Users\ASUS\Downloads\Cuesz_AutomationTests-dated20jan2014\Cuesz_AutomationTests-dated20jan2014\src\test\resources
2024-03-25 21:18:24,396 [Worker-35: Building] INFO  o.e.m.c.i.l.LifecycleMappingFactory - Using org.eclipse.m2e.jdt.JarLifecycleMapping lifecycle mapping for MavenProject: cueszframework:Cueszframework:0.0.1-SNAPSHOT @ C:\Users\ASUS\Downloads\Cuesz_AutomationTests-dated20jan2014\Cuesz_AutomationTests-dated20jan2014\pom.xml.
2024-03-25 21:18:32,214 [Worker-35: Building] INFO  o.a.m.s.f.DefaultMavenResourcesFiltering - skip non existing resourceDirectory C:\Users\ASUS\Downloads\Cuesz_AutomationTests-dated20jan2014\Cuesz_AutomationTests-dated20jan2014\src\main\resources
2024-03-25 21:18:32,276 [Worker-35: Building] INFO  o.a.m.s.f.DefaultMavenResourcesFiltering - skip non existing resourceDirectory C:\Users\ASUS\Downloads\Cuesz_AutomationTests-dated20jan2014\Cuesz_AutomationTests-dated20jan2014\src\test\resources
2024-03-25 21:19:01,628 [Worker-38: Download sources and javadoc] INFO  o.e.m.c.i.e.AbstractTransferListenerAdapter - Downloading https://repo.maven.apache.org/maven2/io/cucumber/cucumber-java/7.16.1/cucumber-java-7.16.1-sources.jar
2024-03-25 21:19:02,813 [Worker-38: Download sources and javadoc] INFO  o.e.m.c.i.e.AbstractTransferListenerAdapter - Downloaded https://repo.maven.apache.org/maven2/io/cucumber/cucumber-java/7.16.1/cucumber-java-7.16.1-sources.jar
2024-03-25 21:19:03,429 [Worker-38: Download sources and javadoc] INFO  o.e.m.j.internal.DownloadSourcesJob - Downloaded sources for io.cucumber:cucumber-java:7.16.1
2024-03-25 21:19:03,614 [Worker-38: Download sources and javadoc] INFO  o.e.m.c.i.e.AbstractTransferListenerAdapter - Downloading https://repo.maven.apache.org/maven2/io/cucumber/cucumber-core/7.16.1/cucumber-core-7.16.1-sources.jar
2024-03-25 21:19:03,988 [Worker-38: Download sources and javadoc] INFO  o.e.m.c.i.e.AbstractTransferListenerAdapter - Downloaded https://repo.maven.apache.org/maven2/io/cucumber/cucumber-core/7.16.1/cucumber-core-7.16.1-sources.jar
2024-03-25 21:19:04,097 [Worker-38: Download sources and javadoc] INFO  o.e.m.j.internal.DownloadSourcesJob - Downloaded sources for io.cucumber:cucumber-core:7.16.1
2024-03-25 21:19:04,293 [Worker-38: Download sources and javadoc] INFO  o.e.m.c.i.e.AbstractTransferListenerAdapter - Downloading https://repo.maven.apache.org/maven2/io/cucumber/cucumber-gherkin/7.16.1/cucumber-gherkin-7.16.1-sources.jar
2024-03-25 21:19:04,389 [Worker-38: Download sources and javadoc] INFO  o.e.m.c.i.e.AbstractTransferListenerAdapter - Downloaded https://repo.maven.apache.org/maven2/io/cucumber/cucumber-gherkin/7.16.1/cucumber-gherkin-7.16.1-sources.jar
2024-03-25 21:19:04,856 [Worker-38: Download sources and javadoc] INFO  o.e.m.j.internal.DownloadSourcesJob - Downloaded sources for io.cucumber:cucumber-gherkin:7.16.1
2024-03-25 21:19:05,082 [Worker-38: Download sources and javadoc] INFO  o.e.m.c.i.e.AbstractTransferListenerAdapter - Downloading https://repo.maven.apache.org/maven2/io/cucumber/cucumber-gherkin-messages/7.16.1/cucumber-gherkin-messages-7.16.1-sources.jar
2024-03-25 21:19:05,160 [Worker-38: Download sources and javadoc] INFO  o.e.m.c.i.e.AbstractTransferListenerAdapter - Downloaded https://repo.maven.apache.org/maven2/io/cucumber/cucumber-gherkin-messages/7.16.1/cucumber-gherkin-messages-7.16.1-sources.jar
2024-03-25 21:19:05,435 [Worker-38: Download sources and javadoc] INFO  o.e.m.j.internal.DownloadSourcesJob - Downloaded sources for io.cucumber:cucumber-gherkin-messages:7.16.1
2024-03-25 21:19:05,550 [Worker-38: Download sources and javadoc] INFO  o.e.m.c.i.e.AbstractTransferListenerAdapter - Downloading https://repo.maven.apache.org/maven2/io/cucumber/gherkin/28.0.0/gherkin-28.0.0-sources.jar
2024-03-25 21:19:05,673 [Worker-38: Download sources and javadoc] INFO  o.e.m.c.i.e.AbstractTransferListenerAdapter - Downloaded https://repo.maven.apache.org/maven2/io/cucumber/gherkin/28.0.0/gherkin-28.0.0-sources.jar
2024-03-25 21:19:08,854 [Worker-38: Download sources and javadoc] INFO  o.e.m.j.internal.DownloadSourcesJob - Downloaded sources for io.cucumber:gherkin:28.0.0
2024-03-25 21:19:09,103 [Worker-38: Download sources and javadoc] INFO  o.e.m.c.i.e.AbstractTransferListenerAdapter - Downloading https://repo.maven.apache.org/maven2/io/cucumber/messages/24.1.0/messages-24.1.0-sources.jar
2024-03-25 21:19:09,469 [Worker-38: Download sources and javadoc] INFO  o.e.m.c.i.e.AbstractTransferListenerAdapter - Downloaded https://repo.maven.apache.org/maven2/io/cucumber/messages/24.1.0/messages-24.1.0-sources.jar
2024-03-25 21:19:10,583 [Worker-38: Download sources and javadoc] INFO  o.e.m.j.internal.DownloadSourcesJob - Downloaded sources for io.cucumber:messages:24.1.0
2024-03-25 21:19:10,721 [Worker-38: Download sources and javadoc] INFO  o.e.m.c.i.e.AbstractTransferListenerAdapter - Downloading https://repo.maven.apache.org/maven2/io/cucumber/tag-expressions/6.1.0/tag-expressions-6.1.0-sources.jar
2024-03-25 21:19:10,761 [Worker-38: Download sources and javadoc] INFO  o.e.m.c.i.e.AbstractTransferListenerAdapter - Downloaded https://repo.maven.apache.org/maven2/io/cucumber/tag-expressions/6.1.0/tag-expressions-6.1.0-sources.jar
2024-03-25 21:19:11,526 [Worker-38: Download sources and javadoc] INFO  o.e.m.j.internal.DownloadSourcesJob - Downloaded sources for io.cucumber:tag-expressions:6.1.0
2024-03-25 21:19:11,721 [Worker-38: Download sources and javadoc] INFO  o.e.m.c.i.e.AbstractTransferListenerAdapter - Downloading https://repo.maven.apache.org/maven2/io/cucumber/cucumber-expressions/17.1.0/cucumber-expressions-17.1.0-sources.jar
2024-03-25 21:19:11,825 [Worker-38: Download sources and javadoc] INFO  o.e.m.c.i.e.AbstractTransferListenerAdapter - Downloaded https://repo.maven.apache.org/maven2/io/cucumber/cucumber-expressions/17.1.0/cucumber-expressions-17.1.0-sources.jar
2024-03-25 21:19:12,069 [Worker-38: Download sources and javadoc] INFO  o.e.m.j.internal.DownloadSourcesJob - Downloaded sources for io.cucumber:cucumber-expressions:17.1.0
2024-03-25 21:19:12,240 [Worker-38: Download sources and javadoc] INFO  o.e.m.c.i.e.AbstractTransferListenerAdapter - Downloading https://repo.maven.apache.org/maven2/io/cucumber/datatable/7.16.1/datatable-7.16.1-sources.jar
2024-03-25 21:19:12,302 [Worker-38: Download sources and javadoc] INFO  o.e.m.c.i.e.AbstractTransferListenerAdapter - Downloaded https://repo.maven.apache.org/maven2/io/cucumber/datatable/7.16.1/datatable-7.16.1-sources.jar
2024-03-25 21:19:12,607 [Worker-38: Download sources and javadoc] INFO  o.e.m.j.internal.DownloadSourcesJob - Downloaded sources for io.cucumber:datatable:7.16.1
2024-03-25 21:19:12,753 [Worker-38: Download sources and javadoc] INFO  o.e.m.c.i.e.AbstractTransferListenerAdapter - Downloading https://repo.maven.apache.org/maven2/io/cucumber/cucumber-plugin/7.16.1/cucumber-plugin-7.16.1-sources.jar
2024-03-25 21:19:12,782 [Worker-38: Download sources and javadoc] INFO  o.e.m.c.i.e.AbstractTransferListenerAdapter - Downloaded https://repo.maven.apache.org/maven2/io/cucumber/cucumber-plugin/7.16.1/cucumber-plugin-7.16.1-sources.jar
2024-03-25 21:19:13,070 [Worker-38: Download sources and javadoc] INFO  o.e.m.j.internal.DownloadSourcesJob - Downloaded sources for io.cucumber:cucumber-plugin:7.16.1
2024-03-25 21:19:13,195 [Worker-38: Download sources and javadoc] INFO  o.e.m.c.i.e.AbstractTransferListenerAdapter - Downloading https://repo.maven.apache.org/maven2/io/cucumber/docstring/7.16.1/docstring-7.16.1-sources.jar
2024-03-25 21:19:13,248 [Worker-38: Download sources and javadoc] INFO  o.e.m.c.i.e.AbstractTransferListenerAdapter - Downloaded https://repo.maven.apache.org/maven2/io/cucumber/docstring/7.16.1/docstring-7.16.1-sources.jar
2024-03-25 21:19:13,540 [Worker-38: Download sources and javadoc] INFO  o.e.m.j.internal.DownloadSourcesJob - Downloaded sources for io.cucumber:docstring:7.16.1
2024-03-25 21:19:13,646 [Worker-38: Download sources and javadoc] INFO  o.e.m.c.i.e.AbstractTransferListenerAdapter - Downloading https://repo.maven.apache.org/maven2/io/cucumber/html-formatter/21.3.0/html-formatter-21.3.0-sources.jar
2024-03-25 21:19:13,753 [Worker-38: Download sources and javadoc] INFO  o.e.m.c.i.e.AbstractTransferListenerAdapter - Downloaded https://repo.maven.apache.org/maven2/io/cucumber/html-formatter/21.3.0/html-formatter-21.3.0-sources.jar
2024-03-25 21:19:13,989 [Worker-38: Download sources and javadoc] INFO  o.e.m.j.internal.DownloadSourcesJob - Downloaded sources for io.cucumber:html-formatter:21.3.0
2024-03-25 21:19:14,098 [Worker-38: Download sources and javadoc] INFO  o.e.m.c.i.e.AbstractTransferListenerAdapter - Downloading https://repo.maven.apache.org/maven2/io/cucumber/junit-xml-formatter/0.3.0/junit-xml-formatter-0.3.0-sources.jar
2024-03-25 21:19:14,135 [Worker-38: Download sources and javadoc] INFO  o.e.m.c.i.e.AbstractTransferListenerAdapter - Downloaded https://repo.maven.apache.org/maven2/io/cucumber/junit-xml-formatter/0.3.0/junit-xml-formatter-0.3.0-sources.jar
2024-03-25 21:19:14,396 [Worker-38: Download sources and javadoc] INFO  o.e.m.j.internal.DownloadSourcesJob - Downloaded sources for io.cucumber:junit-xml-formatter:0.3.0
2024-03-25 21:19:14,534 [Worker-38: Download sources and javadoc] INFO  o.e.m.c.i.e.AbstractTransferListenerAdapter - Downloading https://repo.maven.apache.org/maven2/io/cucumber/ci-environment/10.0.1/ci-environment-10.0.1-sources.jar
2024-03-25 21:19:14,590 [Worker-38: Download sources and javadoc] INFO  o.e.m.c.i.e.AbstractTransferListenerAdapter - Downloaded https://repo.maven.apache.org/maven2/io/cucumber/ci-environment/10.0.1/ci-environment-10.0.1-sources.jar
2024-03-25 21:19:14,979 [Worker-38: Download sources and javadoc] INFO  o.e.m.j.internal.DownloadSourcesJob - Downloaded sources for io.cucumber:ci-environment:10.0.1
2024-03-25 21:19:18,848 [Worker-36: Building] INFO  o.a.m.s.f.DefaultMavenResourcesFiltering - skip non existing resourceDirectory C:\Users\ASUS\Downloads\Cuesz_AutomationTests-dated20jan2014\Cuesz_AutomationTests-dated20jan2014\src\main\resources
2024-03-25 21:19:18,896 [Worker-36: Building] INFO  o.a.m.s.f.DefaultMavenResourcesFiltering - skip non existing resourceDirectory C:\Users\ASUS\Downloads\Cuesz_AutomationTests-dated20jan2014\Cuesz_AutomationTests-dated20jan2014\src\test\resources
2024-03-25 21:20:02,998 [Worker-11: Building] INFO  o.e.m.c.i.l.LifecycleMappingFactory - Using org.eclipse.m2e.jdt.JarLifecycleMapping lifecycle mapping for MavenProject: cueszframework:Cueszframework:0.0.1-SNAPSHOT @ C:\Users\ASUS\Downloads\Cuesz_AutomationTests-dated20jan2014\Cuesz_AutomationTests-dated20jan2014\pom.xml.
2024-03-25 21:20:06,263 [Worker-11: Building] INFO  o.a.m.s.f.DefaultMavenResourcesFiltering - skip non existing resourceDirectory C:\Users\ASUS\Downloads\Cuesz_AutomationTests-dated20jan2014\Cuesz_AutomationTests-dated20jan2014\src\main\resources
2024-03-25 21:20:06,269 [Worker-11: Building] INFO  o.a.m.s.f.DefaultMavenResourcesFiltering - skip non existing resourceDirectory C:\Users\ASUS\Downloads\Cuesz_AutomationTests-dated20jan2014\Cuesz_AutomationTests-dated20jan2014\src\test\resources
2024-03-25 21:20:08,882 [Worker-38: Download sources and javadoc] INFO  o.e.m.c.i.e.AbstractTransferListenerAdapter - Downloading https://repo.maven.apache.org/maven2/io/cucumber/cucumber-testng/7.16.1/cucumber-testng-7.16.1-sources.jar
2024-03-25 21:20:08,913 [Worker-38: Download sources and javadoc] INFO  o.e.m.c.i.e.AbstractTransferListenerAdapter - Downloaded https://repo.maven.apache.org/maven2/io/cucumber/cucumber-testng/7.16.1/cucumber-testng-7.16.1-sources.jar
2024-03-25 21:20:08,990 [Worker-38: Download sources and javadoc] INFO  o.e.m.j.internal.DownloadSourcesJob - Downloaded sources for io.cucumber:cucumber-testng:7.16.1
2024-03-25 21:20:12,313 [Worker-39: Building] INFO  o.a.m.s.f.DefaultMavenResourcesFiltering - skip non existing resourceDirectory C:\Users\ASUS\Downloads\Cuesz_AutomationTests-dated20jan2014\Cuesz_AutomationTests-dated20jan2014\src\main\resources
2024-03-25 21:20:12,326 [Worker-39: Building] INFO  o.a.m.s.f.DefaultMavenResourcesFiltering - skip non existing resourceDirectory C:\Users\ASUS\Downloads\Cuesz_AutomationTests-dated20jan2014\Cuesz_AutomationTests-dated20jan2014\src\test\resources
2024-03-25 21:22:33,446 [Worker-40: Building] INFO  o.a.m.s.f.DefaultMavenResourcesFiltering - skip non existing resourceDirectory C:\Users\ASUS\Downloads\Cuesz_AutomationTests-dated20jan2014\Cuesz_AutomationTests-dated20jan2014\src\main\resources
2024-03-25 21:22:33,455 [Worker-40: Building] INFO  o.a.m.s.f.DefaultMavenResourcesFiltering - skip non existing resourceDirectory C:\Users\ASUS\Downloads\Cuesz_AutomationTests-dated20jan2014\Cuesz_AutomationTests-dated20jan2014\src\test\resources
2024-03-25 21:25:06,752 [Worker-42: Building] INFO  o.a.m.s.f.DefaultMavenResourcesFiltering - skip non existing resourceDirectory C:\Users\ASUS\Downloads\Cuesz_AutomationTests-dated20jan2014\Cuesz_AutomationTests-dated20jan2014\src\main\resources
2024-03-25 21:25:06,765 [Worker-42: Building] INFO  o.a.m.s.f.DefaultMavenResourcesFiltering - skip non existing resourceDirectory C:\Users\ASUS\Downloads\Cuesz_AutomationTests-dated20jan2014\Cuesz_AutomationTests-dated20jan2014\src\test\resources
2024-03-25 21:26:27,735 [Worker-42: Building] INFO  o.a.m.s.f.DefaultMavenResourcesFiltering - skip non existing resourceDirectory C:\Users\ASUS\Downloads\Cuesz_AutomationTests-dated20jan2014\Cuesz_AutomationTests-dated20jan2014\src\main\resources
2024-03-25 21:26:27,740 [Worker-42: Building] INFO  o.a.m.s.f.DefaultMavenResourcesFiltering - skip non existing resourceDirectory C:\Users\ASUS\Downloads\Cuesz_AutomationTests-dated20jan2014\Cuesz_AutomationTests-dated20jan2014\src\test\resources
2024-03-25 21:27:26,238 [Worker-38: Building] INFO  o.a.m.s.f.DefaultMavenResourcesFiltering - skip non existing resourceDirectory C:\Users\ASUS\Downloads\Cuesz_AutomationTests-dated20jan2014\Cuesz_AutomationTests-dated20jan2014\src\main\resources
2024-03-25 21:27:26,242 [Worker-38: Building] INFO  o.a.m.s.f.DefaultMavenResourcesFiltering - skip non existing resourceDirectory C:\Users\ASUS\Downloads\Cuesz_AutomationTests-dated20jan2014\Cuesz_AutomationTests-dated20jan2014\src\test\resources
2024-03-25 21:28:32,103 [Worker-45: Building] INFO  o.a.m.s.f.DefaultMavenResourcesFiltering - skip non existing resourceDirectory C:\Users\ASUS\Downloads\Cuesz_AutomationTests-dated20jan2014\Cuesz_AutomationTests-dated20jan2014\src\main\resources
2024-03-25 21:28:32,107 [Worker-45: Building] INFO  o.a.m.s.f.DefaultMavenResourcesFiltering - skip non existing resourceDirectory C:\Users\ASUS\Downloads\Cuesz_AutomationTests-dated20jan2014\Cuesz_AutomationTests-dated20jan2014\src\test\resources
2024-03-25 21:29:45,819 [Worker-38: Building] INFO  o.a.m.s.f.DefaultMavenResourcesFiltering - skip non existing resourceDirectory C:\Users\ASUS\Downloads\Cuesz_AutomationTests-dated20jan2014\Cuesz_AutomationTests-dated20jan2014\src\main\resources
2024-03-25 21:29:45,827 [Worker-38: Building] INFO  o.a.m.s.f.DefaultMavenResourcesFiltering - skip non existing resourceDirectory C:\Users\ASUS\Downloads\Cuesz_AutomationTests-dated20jan2014\Cuesz_AutomationTests-dated20jan2014\src\test\resources
2024-03-25 21:32:25,381 [Worker-47: Building] INFO  o.a.m.s.f.DefaultMavenResourcesFiltering - skip non existing resourceDirectory C:\Users\ASUS\Downloads\Cuesz_AutomationTests-dated20jan2014\Cuesz_AutomationTests-dated20jan2014\src\main\resources
2024-03-25 21:32:25,397 [Worker-47: Building] INFO  o.a.m.s.f.DefaultMavenResourcesFiltering - skip non existing resourceDirectory C:\Users\ASUS\Downloads\Cuesz_AutomationTests-dated20jan2014\Cuesz_AutomationTests-dated20jan2014\src\test\resources
2024-03-25 21:32:39,294 [Worker-42: Building] INFO  o.a.m.s.f.DefaultMavenResourcesFiltering - skip non existing resourceDirectory C:\Users\ASUS\Downloads\Cuesz_AutomationTests-dated20jan2014\Cuesz_AutomationTests-dated20jan2014\src\main\resources
2024-03-25 21:32:39,302 [Worker-42: Building] INFO  o.a.m.s.f.DefaultMavenResourcesFiltering - skip non existing resourceDirectory C:\Users\ASUS\Downloads\Cuesz_AutomationTests-dated20jan2014\Cuesz_AutomationTests-dated20jan2014\src\test\resources
2024-03-25 21:36:04,145 [Worker-48: Building] INFO  o.a.m.s.f.DefaultMavenResourcesFiltering - skip non existing resourceDirectory C:\Users\ASUS\Downloads\Cuesz_AutomationTests-dated20jan2014\Cuesz_AutomationTests-dated20jan2014\src\main\resources
2024-03-25 21:36:04,153 [Worker-48: Building] INFO  o.a.m.s.f.DefaultMavenResourcesFiltering - skip non existing resourceDirectory C:\Users\ASUS\Downloads\Cuesz_AutomationTests-dated20jan2014\Cuesz_AutomationTests-dated20jan2014\src\test\resources
2024-03-25 21:37:23,773 [Worker-48: Building] INFO  o.a.m.s.f.DefaultMavenResourcesFiltering - skip non existing resourceDirectory C:\Users\ASUS\Downloads\Cuesz_AutomationTests-dated20jan2014\Cuesz_AutomationTests-dated20jan2014\src\main\resources
2024-03-25 21:37:23,775 [Worker-48: Building] INFO  o.a.m.s.f.DefaultMavenResourcesFiltering - skip non existing resourceDirectory C:\Users\ASUS\Downloads\Cuesz_AutomationTests-dated20jan2014\Cuesz_AutomationTests-dated20jan2014\src\test\resources
2024-03-25 21:38:25,520 [Worker-48: Building] INFO  o.a.m.s.f.DefaultMavenResourcesFiltering - skip non existing resourceDirectory C:\Users\ASUS\Downloads\Cuesz_AutomationTests-dated20jan2014\Cuesz_AutomationTests-dated20jan2014\src\main\resources
2024-03-25 21:38:25,524 [Worker-48: Building] INFO  o.a.m.s.f.DefaultMavenResourcesFiltering - skip non existing resourceDirectory C:\Users\ASUS\Downloads\Cuesz_AutomationTests-dated20jan2014\Cuesz_AutomationTests-dated20jan2014\src\test\resources
2024-03-25 21:39:53,361 [Worker-51: Building] INFO  o.e.m.c.i.l.LifecycleMappingFactory - Using org.eclipse.m2e.jdt.JarLifecycleMapping lifecycle mapping for MavenProject: cueszframework:Cueszframework:0.0.1-SNAPSHOT @ C:\Users\ASUS\Downloads\Cuesz_AutomationTests-dated20jan2014\Cuesz_AutomationTests-dated20jan2014\pom.xml.
2024-03-25 21:39:57,404 [Worker-51: Building] INFO  o.a.m.s.f.DefaultMavenResourcesFiltering - skip non existing resourceDirectory C:\Users\ASUS\Downloads\Cuesz_AutomationTests-dated20jan2014\Cuesz_AutomationTests-dated20jan2014\src\main\resources
2024-03-25 21:39:57,412 [Worker-51: Building] INFO  o.a.m.s.f.DefaultMavenResourcesFiltering - skip non existing resourceDirectory C:\Users\ASUS\Downloads\Cuesz_AutomationTests-dated20jan2014\Cuesz_AutomationTests-dated20jan2014\src\test\resources
2024-03-25 21:40:06,223 [Worker-53: Building] INFO  o.a.m.s.f.DefaultMavenResourcesFiltering - skip non existing resourceDirectory C:\Users\ASUS\Downloads\Cuesz_AutomationTests-dated20jan2014\Cuesz_AutomationTests-dated20jan2014\src\main\resources
2024-03-25 21:40:06,230 [Worker-53: Building] INFO  o.a.m.s.f.DefaultMavenResourcesFiltering - skip non existing resourceDirectory C:\Users\ASUS\Downloads\Cuesz_AutomationTests-dated20jan2014\Cuesz_AutomationTests-dated20jan2014\src\test\resources
2024-03-27 20:02:00,751 [Worker-1: Loading available Gradle versions] INFO  o.e.b.c.i.u.g.PublishedGradleVersions - Gradle version information cache is out-of-date. Trying to update.
2024-05-02 16:15:46,811 [Worker-1: Loading available Gradle versions] INFO  o.e.b.c.i.u.g.PublishedGradleVersions - Gradle version information cache is up-to-date. Trying to read.
2024-05-02 16:15:50,126 [Worker-3: reload maven project] ERROR o.e.m2e.editor.pom.MavenPomEditor - failed to load maven project for org.eclipse.ui.part.FileEditorInput(/Cueszframework/pom.xml)
org.eclipse.core.runtime.CoreException: Could not read maven project
	at org.eclipse.m2e.core.internal.project.registry.ProjectRegistryManager.readProjectWithDependencies(ProjectRegistryManager.java:844)
	at org.eclipse.m2e.core.internal.project.registry.ProjectRegistryManager.lambda$22(ProjectRegistryManager.java:1064)
	at com.google.common.cache.LocalCache$LocalManualCache$1.load(LocalCache.java:4853)
	at com.google.common.cache.LocalCache$LoadingValueReference.loadFuture(LocalCache.java:3529)
	at com.google.common.cache.LocalCache$Segment.loadSync(LocalCache.java:2278)
	at com.google.common.cache.LocalCache$Segment.lockedGetOrLoad(LocalCache.java:2155)
	at com.google.common.cache.LocalCache$Segment.get(LocalCache.java:2045)
	at com.google.common.cache.LocalCache.get(LocalCache.java:3951)
	at com.google.common.cache.LocalCache$LocalManualCache.get(LocalCache.java:4848)
	at org.eclipse.m2e.core.internal.project.registry.ProjectRegistryManager.getMavenProject(ProjectRegistryManager.java:1063)
	at org.eclipse.m2e.core.internal.project.registry.MavenProjectFacade.getMavenProject(MavenProjectFacade.java:261)
	at org.eclipse.m2e.core.ui.internal.actions.SelectionUtil.getMavenProject(SelectionUtil.java:257)
	at org.eclipse.m2e.editor.pom.MavenPomEditor.readMavenProject(MavenPomEditor.java:643)
	at org.eclipse.m2e.editor.pom.MavenPomEditor$3.run(MavenPomEditor.java:963)
	at org.eclipse.core.internal.jobs.Worker.run(Worker.java:63)
2024-05-11 06:34:54,947 [Worker-0: Loading available Gradle versions] INFO  o.e.b.c.i.u.g.PublishedGradleVersions - Gradle version information cache is up-to-date. Trying to read.
2024-05-12 10:51:58,520 [Worker-0: Loading available Gradle versions] INFO  o.e.b.c.i.u.g.PublishedGradleVersions - Gradle version information cache is up-to-date. Trying to read.
2024-06-30 11:23:20,893 [Worker-0: Loading available Gradle versions] INFO  o.e.b.c.i.u.g.PublishedGradleVersions - Gradle version information cache is up-to-date. Trying to read.
