2024-04-20 17:41:46,139 [Worker-4: Loading available Gradle versions] INFO  o.e.b.c.i.u.g.PublishedGradleVersions - Gradle version information cache is up-to-date. Trying to read.
2024-04-20 17:42:43,313 [Worker-0: Loading available Gradle versions] INFO  o.e.b.c.i.u.g.PublishedGradleVersions - Gradle version information cache is up-to-date. Trying to read.
2024-04-20 17:44:52,404 [Worker-9: Updating Maven Dependencies] INFO  o.e.m.c.i.l.LifecycleMappingFactory - Using org.eclipse.m2e.jdt.JarLifecycleMapping lifecycle mapping for MavenProject: cueszframework:Cueszframework:0.0.1-SNAPSHOT @ C:\Users\ASUS\Downloads\Cuesz_AutomationTests-dated20jan2014\Cuesz_AutomationTests-dated20jan2014\pom.xml.
2024-04-20 17:44:57,576 [Worker-16: Building] INFO  o.e.m.c.i.l.LifecycleMappingFactory - Using org.eclipse.m2e.jdt.JarLifecycleMapping lifecycle mapping for MavenProject: cueszframework:Cueszframework:0.0.1-SNAPSHOT @ C:\Users\ASUS\Downloads\Cuesz_AutomationTests-dated20jan2014\Cuesz_AutomationTests-dated20jan2014\pom.xml.
2024-04-20 17:45:02,447 [Worker-16: Building] INFO  o.a.m.s.f.DefaultMavenResourcesFiltering - skip non existing resourceDirectory C:\Users\ASUS\Downloads\Cuesz_AutomationTests-dated20jan2014\Cuesz_AutomationTests-dated20jan2014\src\main\resources
2024-04-20 17:45:02,458 [Worker-16: Building] INFO  o.a.m.s.f.DefaultMavenResourcesFiltering - skip non existing resourceDirectory C:\Users\ASUS\Downloads\Cuesz_AutomationTests-dated20jan2014\Cuesz_AutomationTests-dated20jan2014\src\test\resources
2024-04-20 17:45:04,243 [Worker-14: Updating Maven Dependencies] INFO  o.e.m.c.i.l.LifecycleMappingFactory - Using org.eclipse.m2e.jdt.JarLifecycleMapping lifecycle mapping for MavenProject: cueszframework:Cueszframework:0.0.1-SNAPSHOT @ C:\Users\ASUS\Downloads\Cuesz_AutomationTests-dated20jan2014\Cuesz_AutomationTests-dated20jan2014\pom.xml.
2024-04-20 17:45:13,295 [Worker-12: Building] INFO  o.a.m.s.f.DefaultMavenResourcesFiltering - skip non existing resourceDirectory C:\Users\ASUS\Downloads\Cuesz_AutomationTests-dated20jan2014\Cuesz_AutomationTests-dated20jan2014\src\main\resources
2024-04-20 17:45:13,302 [Worker-12: Building] INFO  o.a.m.s.f.DefaultMavenResourcesFiltering - skip non existing resourceDirectory C:\Users\ASUS\Downloads\Cuesz_AutomationTests-dated20jan2014\Cuesz_AutomationTests-dated20jan2014\src\test\resources
2024-04-20 17:45:39,477 [Worker-9: Building] INFO  o.a.m.s.f.DefaultMavenResourcesFiltering - skip non existing resourceDirectory C:\Users\ASUS\Downloads\Cuesz_AutomationTests-dated20jan2014\Cuesz_AutomationTests-dated20jan2014\src\main\resources
2024-04-20 17:45:39,632 [Worker-9: Building] INFO  o.a.m.s.f.DefaultMavenResourcesFiltering - skip non existing resourceDirectory C:\Users\ASUS\Downloads\Cuesz_AutomationTests-dated20jan2014\Cuesz_AutomationTests-dated20jan2014\src\test\resources
2024-04-20 17:47:16,531 [Worker-17: Building] INFO  o.a.m.s.f.DefaultMavenResourcesFiltering - skip non existing resourceDirectory C:\Users\ASUS\Downloads\Cuesz_AutomationTests-dated20jan2014\Cuesz_AutomationTests-dated20jan2014\src\main\resources
2024-04-20 17:47:16,552 [Worker-17: Building] INFO  o.a.m.s.f.DefaultMavenResourcesFiltering - skip non existing resourceDirectory C:\Users\ASUS\Downloads\Cuesz_AutomationTests-dated20jan2014\Cuesz_AutomationTests-dated20jan2014\src\test\resources
2024-04-20 18:39:08,101 [Worker-21: Building] INFO  o.a.m.s.f.DefaultMavenResourcesFiltering - skip non existing resourceDirectory C:\Users\ASUS\Downloads\Cuesz_AutomationTests-dated20jan2014\Cuesz_AutomationTests-dated20jan2014\src\main\resources
2024-04-20 18:39:08,298 [Worker-21: Building] INFO  o.a.m.s.f.DefaultMavenResourcesFiltering - skip non existing resourceDirectory C:\Users\ASUS\Downloads\Cuesz_AutomationTests-dated20jan2014\Cuesz_AutomationTests-dated20jan2014\src\test\resources
2024-04-20 18:39:52,489 [Worker-14: Building] INFO  o.a.m.s.f.DefaultMavenResourcesFiltering - skip non existing resourceDirectory C:\Users\ASUS\Downloads\Cuesz_AutomationTests-dated20jan2014\Cuesz_AutomationTests-dated20jan2014\src\main\resources
2024-04-20 18:39:52,492 [Worker-14: Building] INFO  o.a.m.s.f.DefaultMavenResourcesFiltering - skip non existing resourceDirectory C:\Users\ASUS\Downloads\Cuesz_AutomationTests-dated20jan2014\Cuesz_AutomationTests-dated20jan2014\src\test\resources
2024-04-20 22:24:17,333 [Worker-0: Loading available Gradle versions] INFO  o.e.b.c.i.u.g.PublishedGradleVersions - Gradle version information cache is up-to-date. Trying to read.
2024-05-02 16:17:16,391 [Worker-0: Loading available Gradle versions] INFO  o.e.b.c.i.u.g.PublishedGradleVersions - Gradle version information cache is up-to-date. Trying to read.
2024-05-02 16:19:22,620 [Worker-15: Updating Maven Dependencies] INFO  o.e.m.c.i.l.LifecycleMappingFactory - Using org.eclipse.m2e.jdt.JarLifecycleMapping lifecycle mapping for MavenProject: cueszframework:Cueszframework:0.0.1-SNAPSHOT @ C:\Users\ASUS\eclipse-workspace\Mineframework\pom.xml.
2024-05-02 16:19:31,102 [Worker-12: Building] INFO  o.a.m.s.f.DefaultMavenResourcesFiltering - skip non existing resourceDirectory C:\Users\ASUS\git\repository\Cueszframework\src\main\resources
2024-05-02 16:19:31,107 [Worker-12: Building] INFO  o.a.m.s.f.DefaultMavenResourcesFiltering - skip non existing resourceDirectory C:\Users\ASUS\git\repository\Cueszframework\src\test\resources
2024-05-02 16:19:36,014 [Worker-12: Building] INFO  o.a.m.s.f.DefaultMavenResourcesFiltering - skip non existing resourceDirectory C:\Users\ASUS\eclipse-workspace\Mineframework\src\main\resources
2024-05-02 16:19:36,018 [Worker-12: Building] INFO  o.a.m.s.f.DefaultMavenResourcesFiltering - skip non existing resourceDirectory C:\Users\ASUS\eclipse-workspace\Mineframework\src\test\resources
2024-05-02 19:01:46,891 [Worker-0: Loading available Gradle versions] INFO  o.e.b.c.i.u.g.PublishedGradleVersions - Gradle version information cache is up-to-date. Trying to read.
2024-05-11 06:35:34,927 [Worker-2: Loading available Gradle versions] INFO  o.e.b.c.i.u.g.PublishedGradleVersions - Gradle version information cache is up-to-date. Trying to read.
2024-05-11 06:36:27,009 [Worker-8: Building] INFO  o.e.m.c.i.l.LifecycleMappingFactory - Using org.eclipse.m2e.jdt.JarLifecycleMapping lifecycle mapping for MavenProject: cueszframework:Cueszframework:0.0.1-SNAPSHOT @ C:\Users\ASUS\git\repository\Cueszframework\pom.xml.
2024-05-11 06:36:30,359 [Worker-8: Building] INFO  o.a.m.s.f.DefaultMavenResourcesFiltering - skip non existing resourceDirectory C:\Users\ASUS\git\repository\Cueszframework\src\main\resources
2024-05-11 06:36:30,367 [Worker-8: Building] INFO  o.a.m.s.f.DefaultMavenResourcesFiltering - skip non existing resourceDirectory C:\Users\ASUS\git\repository\Cueszframework\src\test\resources
2024-05-11 06:36:37,183 [Worker-8: Building] INFO  o.e.m.c.i.l.LifecycleMappingFactory - Using org.eclipse.m2e.jdt.JarLifecycleMapping lifecycle mapping for MavenProject: cueszframework:Cueszframework:0.0.1-SNAPSHOT @ C:\Users\ASUS\git\repository\Cueszframework\pom.xml.
2024-05-11 06:36:41,309 [Worker-8: Building] INFO  o.a.m.s.f.DefaultMavenResourcesFiltering - skip non existing resourceDirectory C:\Users\ASUS\git\repository\Cueszframework\src\main\resources
2024-05-11 06:36:41,314 [Worker-8: Building] INFO  o.a.m.s.f.DefaultMavenResourcesFiltering - skip non existing resourceDirectory C:\Users\ASUS\git\repository\Cueszframework\src\test\resources
2024-05-11 06:36:47,093 [Worker-8: Building] INFO  o.a.m.s.f.DefaultMavenResourcesFiltering - skip non existing resourceDirectory C:\Users\ASUS\eclipse-workspace\Mineframework\src\main\resources
2024-05-11 06:36:47,097 [Worker-8: Building] INFO  o.a.m.s.f.DefaultMavenResourcesFiltering - skip non existing resourceDirectory C:\Users\ASUS\eclipse-workspace\Mineframework\src\test\resources
2024-05-11 16:50:29,488 [Worker-1: Loading available Gradle versions] INFO  o.e.b.c.i.u.g.PublishedGradleVersions - Gradle version information cache is up-to-date. Trying to read.
2024-05-12 16:11:19,392 [Worker-1: Loading available Gradle versions] INFO  o.e.b.c.i.u.g.PublishedGradleVersions - Gradle version information cache is up-to-date. Trying to read.
2024-05-12 16:15:05,178 [Worker-15: Updating Maven Dependencies] INFO  o.e.m.c.i.l.LifecycleMappingFactory - Using org.eclipse.m2e.jdt.JarLifecycleMapping lifecycle mapping for MavenProject: com.learning:02_Selenium_Final:0.0.1-SNAPSHOT @ C:\Users\ASUS\git\learn\Final_Selenium_Tutorial\pom.xml.
2024-05-12 16:15:13,040 [Worker-16: Building] INFO  o.a.m.s.f.DefaultMavenResourcesFiltering - skip non existing resourceDirectory C:\Users\ASUS\git\repository\Cueszframework\src\main\resources
2024-05-12 16:15:13,053 [Worker-16: Building] INFO  o.a.m.s.f.DefaultMavenResourcesFiltering - skip non existing resourceDirectory C:\Users\ASUS\git\repository\Cueszframework\src\test\resources
2024-05-12 16:15:15,392 [Worker-16: Building] WARN  o.e.m.c.i.embedder.EclipseLogger - Using platform encoding (Cp1252 actually) to copy filtered resources, i.e. build is platform dependent!
2024-05-12 16:15:15,404 [Worker-16: Building] INFO  o.e.m.c.i.embedder.EclipseLogger - Copying 1 resource
2024-05-12 16:15:15,422 [Worker-16: Building] WARN  o.e.m.c.i.embedder.EclipseLogger - Using platform encoding (Cp1252 actually) to copy filtered resources, i.e. build is platform dependent!
2024-05-12 16:15:15,424 [Worker-16: Building] INFO  o.e.m.c.i.embedder.EclipseLogger - skip non existing resourceDirectory C:\Users\ASUS\git\learn\Final_Selenium_Tutorial\src\test\resources
2024-05-12 16:15:21,331 [Worker-16: Building] INFO  o.a.m.s.f.DefaultMavenResourcesFiltering - skip non existing resourceDirectory C:\Users\ASUS\eclipse-workspace\Mineframework\src\main\resources
2024-05-12 16:15:21,336 [Worker-16: Building] INFO  o.a.m.s.f.DefaultMavenResourcesFiltering - skip non existing resourceDirectory C:\Users\ASUS\eclipse-workspace\Mineframework\src\test\resources
2024-05-12 16:18:39,490 [Worker-28: Building] WARN  o.e.m.c.i.embedder.EclipseLogger - Using platform encoding (Cp1252 actually) to copy filtered resources, i.e. build is platform dependent!
2024-05-12 16:18:39,496 [Worker-28: Building] INFO  o.e.m.c.i.embedder.EclipseLogger - Copying 0 resource
2024-05-12 16:18:39,499 [Worker-28: Building] WARN  o.e.m.c.i.embedder.EclipseLogger - Using platform encoding (Cp1252 actually) to copy filtered resources, i.e. build is platform dependent!
2024-05-12 16:18:39,502 [Worker-28: Building] INFO  o.e.m.c.i.embedder.EclipseLogger - skip non existing resourceDirectory C:\Users\ASUS\git\learn\Final_Selenium_Tutorial\src\test\resources
2024-06-30 11:22:11,628 [Worker-1: Loading available Gradle versions] INFO  o.e.b.c.i.u.g.PublishedGradleVersions - Gradle version information cache is up-to-date. Trying to read.
2024-06-30 11:22:51,561 [Worker-10: Updating Maven Dependencies] ERROR o.e.m.c.i.p.r.ProjectRegistryRefreshJob - Resource '/Cueszframework/pom.xml' does not exist.
org.eclipse.core.internal.resources.ResourceException: Resource '/Cueszframework/pom.xml' does not exist.
	at org.eclipse.core.internal.resources.Resource.checkExists(Resource.java:330)
	at org.eclipse.core.internal.resources.Resource.checkAccessible(Resource.java:204)
	at org.eclipse.core.internal.resources.Resource.deleteMarkers(Resource.java:801)
	at org.eclipse.m2e.core.internal.markers.MavenMarkerManager.deleteMarkers(MavenMarkerManager.java:250)
	at org.eclipse.m2e.core.internal.markers.MavenMarkerManager.deleteMarkers(MavenMarkerManager.java:244)
	at org.eclipse.m2e.core.internal.project.registry.ProjectRegistryManager.readMavenProjectFacades(ProjectRegistryManager.java:710)
	at org.eclipse.m2e.core.internal.project.registry.ProjectRegistryManager.refresh(ProjectRegistryManager.java:425)
	at org.eclipse.m2e.core.internal.project.registry.ProjectRegistryManager.refresh(ProjectRegistryManager.java:358)
	at org.eclipse.m2e.core.internal.project.registry.ProjectRegistryRefreshJob.lambda$4(ProjectRegistryRefreshJob.java:140)
	at org.eclipse.m2e.core.internal.embedder.MavenExecutionContext.executeBare(MavenExecutionContext.java:182)
	at org.eclipse.m2e.core.internal.embedder.MavenExecutionContext.execute(MavenExecutionContext.java:156)
	at org.eclipse.m2e.core.internal.embedder.MavenExecutionContext.execute(MavenExecutionContext.java:103)
	at org.eclipse.m2e.core.internal.embedder.MavenImpl.execute(MavenImpl.java:1411)
	at org.eclipse.m2e.core.internal.project.registry.ProjectRegistryRefreshJob.lambda$0(ProjectRegistryRefreshJob.java:139)
	at org.eclipse.m2e.core.internal.embedder.MavenExecutionContext.executeBare(MavenExecutionContext.java:182)
	at org.eclipse.m2e.core.internal.embedder.MavenExecutionContext.execute(MavenExecutionContext.java:156)
	at org.eclipse.m2e.core.internal.embedder.MavenExecutionContext.execute(MavenExecutionContext.java:103)
	at org.eclipse.m2e.core.internal.embedder.MavenImpl.execute(MavenImpl.java:1416)
	at org.eclipse.m2e.core.internal.project.registry.ProjectRegistryRefreshJob.run(ProjectRegistryRefreshJob.java:83)
	at org.eclipse.core.internal.jobs.Worker.run(Worker.java:63)
Caused by: java.lang.Exception: Resource '/Cueszframework/pom.xml' does not exist.
	at org.eclipse.core.internal.resources.ResourceException.provideStackTrace(ResourceException.java:42)
	at org.eclipse.core.internal.resources.ResourceException.<init>(ResourceException.java:38)
	... 20 common frames omitted
